System.FormatException: Input string was not in a correct format.
   at System.Number.StringToNumber(String str, NumberStyles options, NumberBuffer& number, NumberFormatInfo info, Boolean parseDecimal)
   at System.Number.ParseInt64(String value, NumberStyles options, NumberFormatInfo numfmt)
   at MersalAccountingService.BusinessLogic.Services.JournalPostingsService.PostBankMovement(DateTime toDate, Boolean IsAutomaticPosting, Boolean IsBulkPosting, Nullable`1 id, Boolean postInMemory) in C:\Mersal\SmartBalance\Version 1.0.0\Code\Backend\MersalAccounting\MersalAccountingService.BusinessLogic\Services\JournalPosting\JournalPostingsService.cs:line 414
   at MersalAccountingService.BusinessLogic.Services.JournalPostingsService.Post(Int64 id, MovementType movementType) in C:\Mersal\SmartBalance\Version 1.0.0\Code\Backend\MersalAccounting\MersalAccountingService.BusinessLogic\Services\JournalPosting\JournalPostingsService.cs:line 2022
   at MersalAccountingService.BusinessLogic.Services.BankMovementsService.Add(BankMovementViewModel model) in C:\Mersal\SmartBalance\Version 1.0.0\Code\Backend\MersalAccounting\MersalAccountingService.BusinessLogic\Services\Shared\BankMovementsService.cs:line 458
   at MersalAccountingService.WebAPI.Controllers.API.BankMovementsController.Add(BankMovementViewModel model) in C:\Mersal\SmartBalance\Version 1.0.0\Code\Backend\MersalAccounting\MersalAccountingService.WebAPI\Controllers\API\Shared\BankMovementsController.cs:line 191
   at lambda_method(Closure , Object , Object[] )
   at System.Web.Http.Controllers.ReflectedHttpActionDescriptor.ActionExecutor.<>c__DisplayClass6_2.<GetExecutor>b__2(Object instance, Object[] methodParameters)
   at System.Web.Http.Controllers.ReflectedHttpActionDescriptor.ExecuteAsync(HttpControllerContext controllerContext, IDictionary`2 arguments, CancellationToken cancellationToken)
--- End of stack trace from previous location where exception was thrown ---
   at System.Runtime.ExceptionServices.ExceptionDispatchInfo.Throw()
   at System.Runtime.CompilerServices.TaskAwaiter.HandleNonSuccessAndDebuggerNotification(Task task)
   at System.Web.Http.Controllers.ApiControllerActionInvoker.<InvokeActionAsyncCore>d__1.MoveNext()
--- End of stack trace from previous location where exception was thrown ---
   at System.Runtime.ExceptionServices.ExceptionDispatchInfo.Throw()
   at System.Runtime.CompilerServices.TaskAwaiter.HandleNonSuccessAndDebuggerNotification(Task task)
   at System.Web.Http.Controllers.ActionFilterResult.<ExecuteAsync>d__5.MoveNext()
--- End of stack trace from previous location where exception was thrown ---
   at System.Runtime.ExceptionServices.ExceptionDispatchInfo.Throw()
   at System.Runtime.CompilerServices.TaskAwaiter.HandleNonSuccessAndDebuggerNotification(Task task)
   at System.Web.Http.Controllers.AuthenticationFilterResult.<ExecuteAsync>d__5.MoveNext()
--- End of stack trace from previous location where exception was thrown ---
   at System.Runtime.ExceptionServices.ExceptionDispatchInfo.Throw()
   at System.Runtime.CompilerServices.TaskAwaiter.HandleNonSuccessAndDebuggerNotification(Task task)
   at System.Web.Http.Controllers.ExceptionFilterResult.<ExecuteAsync>d__6.MoveNext()
