System.NullReferenceException: Object reference not set to an instance of an object.
   at MersalAccountingService.BusinessLogic.Services.CurrencyRatesService.GetLatestCurrencyRate(Decimal origenalAmount, Currency currency, SystemCurrencySettingViewModel systemCurrency) in C:\Mersal\SmartBalance\Version 1.0.0\Code\Backend\MersalAccounting\MersalAccountingService.BusinessLogic\Services\Shared\CurrencyRatesService.cs:line 93
   at MersalAccountingService.BusinessLogic.Services.JournalPostingsService.PostReceiptsMovement(DateTime toDate, Boolean IsAutomaticPosting, Boolean IsBulkPosting, Nullable`1 id, Boolean postInMemory) in C:\Mersal\SmartBalance\Version 1.0.0\Code\Backend\MersalAccounting\MersalAccountingService.BusinessLogic\Services\JournalPosting\JournalPostingsService.cs:line 1397
   at MersalAccountingService.BusinessLogic.Services.JournalPostingsService.Post(Int64 id, MovementType movementType) in C:\Mersal\SmartBalance\Version 1.0.0\Code\Backend\MersalAccounting\MersalAccountingService.BusinessLogic\Services\JournalPosting\JournalPostingsService.cs:line 2114
   at MersalAccountingService.BusinessLogic.Services.DonationsService.Add(AddDonationViewModel model) in C:\Mersal\SmartBalance\Version 1.0.0\Code\Backend\MersalAccounting\MersalAccountingService.BusinessLogic\Services\Shared\DonationsService.cs:line 1526
   at MersalAccountingService.WebAPI.Controllers.API.DonationsController.AddInternalDonation(AddDonationViewModel model) in C:\Mersal\SmartBalance\Version 1.0.0\Code\Backend\MersalAccounting\MersalAccountingService.WebAPI\Controllers\API\Shared\DonationsController.cs:line 314
   at lambda_method(Closure , Object , Object[] )
   at System.Web.Http.Controllers.ReflectedHttpActionDescriptor.ActionExecutor.<>c__DisplayClass6_2.<GetExecutor>b__2(Object instance, Object[] methodParameters)
   at System.Web.Http.Controllers.ReflectedHttpActionDescriptor.ExecuteAsync(HttpControllerContext controllerContext, IDictionary`2 arguments, CancellationToken cancellationToken)
--- End of stack trace from previous location where exception was thrown ---
   at System.Runtime.ExceptionServices.ExceptionDispatchInfo.Throw()
   at System.Runtime.CompilerServices.TaskAwaiter.HandleNonSuccessAndDebuggerNotification(Task task)
   at System.Web.Http.Controllers.ApiControllerActionInvoker.<InvokeActionAsyncCore>d__1.MoveNext()
--- End of stack trace from previous location where exception was thrown ---
   at System.Runtime.ExceptionServices.ExceptionDispatchInfo.Throw()
   at System.Runtime.CompilerServices.TaskAwaiter.HandleNonSuccessAndDebuggerNotification(Task task)
   at System.Web.Http.Controllers.ActionFilterResult.<ExecuteAsync>d__5.MoveNext()
--- End of stack trace from previous location where exception was thrown ---
   at System.Runtime.ExceptionServices.ExceptionDispatchInfo.Throw()
   at System.Runtime.CompilerServices.TaskAwaiter.HandleNonSuccessAndDebuggerNotification(Task task)
   at System.Web.Http.Controllers.AuthenticationFilterResult.<ExecuteAsync>d__5.MoveNext()
--- End of stack trace from previous location where exception was thrown ---
   at System.Runtime.ExceptionServices.ExceptionDispatchInfo.Throw()
   at System.Runtime.CompilerServices.TaskAwaiter.HandleNonSuccessAndDebuggerNotification(Task task)
   at System.Web.Http.Controllers.ExceptionFilterResult.<ExecuteAsync>d__6.MoveNext()
