System.InvalidOperationException: The specified cast from a materialized 'System.Int32' type to the 'System.Double' type is not valid.
   at System.Data.Entity.Core.Common.Internal.Materialization.Shaper.ErrorHandlingValueReader`1.GetValue(DbDataReader reader, Int32 ordinal)
   at lambda_method(Closure , Shaper )
   at System.Data.Entity.Core.Common.Internal.Materialization.Coordinator`1.ReadNextElement(Shaper shaper)
   at System.Data.Entity.Core.Common.Internal.Materialization.Shaper`1.SimpleEnumerator.MoveNext()
   at System.Collections.Generic.List`1..ctor(IEnumerable`1 collection)
   at System.Linq.Enumerable.ToList[TSource](IEnumerable`1 source)
   at MersalAccountingService.BusinessLogic.Services.ChartService.GetFinancialMovementsChart() in C:\Mersal\SmartBalance\Version 1.0.0\Code\Backend\MersalAccounting\MersalAccountingService.BusinessLogic\Services\Charts\ChartService.cs:line 37
   at MersalAccountingService.WebAPI.Controllers.API.DashboardController.GetPaymentMovementsChart() in C:\Mersal\SmartBalance\Version 1.0.0\Code\Backend\MersalAccounting\MersalAccountingService.WebAPI\Controllers\API\Shared\DashboardController.cs:line 43
   at lambda_method(Closure , Object , Object[] )
   at System.Web.Http.Controllers.ReflectedHttpActionDescriptor.ActionExecutor.<>c__DisplayClass6_2.<GetExecutor>b__2(Object instance, Object[] methodParameters)
   at System.Web.Http.Controllers.ReflectedHttpActionDescriptor.ExecuteAsync(HttpControllerContext controllerContext, IDictionary`2 arguments, CancellationToken cancellationToken)
--- End of stack trace from previous location where exception was thrown ---
   at System.Runtime.ExceptionServices.ExceptionDispatchInfo.Throw()
   at System.Runtime.CompilerServices.TaskAwaiter.HandleNonSuccessAndDebuggerNotification(Task task)
   at System.Web.Http.Controllers.ApiControllerActionInvoker.<InvokeActionAsyncCore>d__1.MoveNext()
--- End of stack trace from previous location where exception was thrown ---
   at System.Runtime.ExceptionServices.ExceptionDispatchInfo.Throw()
   at System.Runtime.CompilerServices.TaskAwaiter.HandleNonSuccessAndDebuggerNotification(Task task)
   at System.Web.Http.Controllers.ActionFilterResult.<ExecuteAsync>d__5.MoveNext()
--- End of stack trace from previous location where exception was thrown ---
   at System.Runtime.ExceptionServices.ExceptionDispatchInfo.Throw()
   at System.Runtime.CompilerServices.TaskAwaiter.HandleNonSuccessAndDebuggerNotification(Task task)
   at System.Web.Http.Controllers.ExceptionFilterResult.<ExecuteAsync>d__6.MoveNext()
