MersalAccountingService.Common.Exceptions.GeneralException: 29
   at MersalAccountingService.BusinessLogic.Services.JournalPostingsService.PostPaymentMovement(DateTime toDate, Boolean IsAutomaticPosting, Boolean IsBulkPosting, Nullable`1 id, Boolean postInMemory) in C:\Mersal\SmartBalance\Version 1.0.0\Code\Backend\MersalAccounting\MersalAccountingService.BusinessLogic\Services\JournalPosting\JournalPostingsService.cs:line 793
   at MersalAccountingService.BusinessLogic.Services.JournalPostingsService.Post(Int64 id, MovementType movementType) in C:\Mersal\SmartBalance\Version 1.0.0\Code\Backend\MersalAccounting\MersalAccountingService.BusinessLogic\Services\JournalPosting\JournalPostingsService.cs:line 2041
   at MersalAccountingService.BusinessLogic.Services.PaymentMovmentsService.Add(AddPaymentMovmentViewModel model) in C:\Mersal\SmartBalance\Version 1.0.0\Code\Backend\MersalAccounting\MersalAccountingService.BusinessLogic\Services\Shared\PaymentMovmentsService.cs:line 1060
   at MersalAccountingService.WebAPI.Controllers.API.PaymentMovmentsController.AddPaymentMovmentViewModel(AddPaymentMovmentViewModel model) in C:\Mersal\SmartBalance\Version 1.0.0\Code\Backend\MersalAccounting\MersalAccountingService.WebAPI\Controllers\API\Shared\PaymentMovmentsController.cs:line 200
   at lambda_method(Closure , Object , Object[] )
   at System.Web.Http.Controllers.ReflectedHttpActionDescriptor.ActionExecutor.<>c__DisplayClass6_2.<GetExecutor>b__2(Object instance, Object[] methodParameters)
   at System.Web.Http.Controllers.ReflectedHttpActionDescriptor.ExecuteAsync(HttpControllerContext controllerContext, IDictionary`2 arguments, CancellationToken cancellationToken)
--- End of stack trace from previous location where exception was thrown ---
   at System.Runtime.ExceptionServices.ExceptionDispatchInfo.Throw()
   at System.Runtime.CompilerServices.TaskAwaiter.HandleNonSuccessAndDebuggerNotification(Task task)
   at System.Web.Http.Controllers.ApiControllerActionInvoker.<InvokeActionAsyncCore>d__1.MoveNext()
--- End of stack trace from previous location where exception was thrown ---
   at System.Runtime.ExceptionServices.ExceptionDispatchInfo.Throw()
   at System.Runtime.CompilerServices.TaskAwaiter.HandleNonSuccessAndDebuggerNotification(Task task)
   at System.Web.Http.Controllers.ActionFilterResult.<ExecuteAsync>d__5.MoveNext()
--- End of stack trace from previous location where exception was thrown ---
   at System.Runtime.ExceptionServices.ExceptionDispatchInfo.Throw()
   at System.Runtime.CompilerServices.TaskAwaiter.HandleNonSuccessAndDebuggerNotification(Task task)
   at System.Web.Http.Controllers.AuthenticationFilterResult.<ExecuteAsync>d__5.MoveNext()
--- End of stack trace from previous location where exception was thrown ---
   at System.Runtime.ExceptionServices.ExceptionDispatchInfo.Throw()
   at System.Runtime.CompilerServices.TaskAwaiter.HandleNonSuccessAndDebuggerNotification(Task task)
   at System.Web.Http.Controllers.ExceptionFilterResult.<ExecuteAsync>d__6.MoveNext()
